<?xml version="1.0" encoding="UTF-8"?>
<!-- Generated by org.testng.reporters.JUnitReportReporter -->
<testsuite hostname="FILT111" failures="0" tests="4" name="Frontend_Testcases.LoginValidations" time="114.575" errors="0" timestamp="2023-07-24T14:45:58 IST" skipped="0">
  <testcase classname="Frontend_Testcases.LoginValidations" name="blankUsernameBlankPassword" time="15.900"/>
  <system-out/>
  <testcase classname="Frontend_Testcases.LoginValidations" name="validUsernameInvalidPassword" time="24.376"/>
  <system-out/>
  <testcase classname="Frontend_Testcases.LoginValidations" name="invalidUsernameValidPassword" time="22.658"/>
  <system-out/>
  <testcase classname="Frontend_Testcases.LoginValidations" name="validUsernameValidPassword" time="51.641"/>
  <system-out/>
</testsuite> <!-- Frontend_Testcases.LoginValidations -->
