<?xml version="1.0" encoding="UTF-8"?>
<!-- Generated by org.testng.reporters.JUnitReportReporter -->
<testsuite hostname="FILT111" failures="0" tests="1" name="Frontend_Testcases.Login" time="32.240" errors="0" timestamp="2023-07-31T11:30:49 IST" skipped="0">
  <testcase classname="Frontend_Testcases.Login" name="login" time="32.240"/>
  <system-out/>
</testsuite> <!-- Frontend_Testcases.Login -->
