<?xml version="1.0" encoding="UTF-8"?>
<!-- Generated by org.testng.reporters.JUnitReportReporter -->
<testsuite hostname="FILT111" failures="0" tests="2" name="Frontend_Testcases.SearchProduct" time="32.037" errors="0" timestamp="2023-07-31T11:46:54 IST" skipped="0">
  <testcase classname="Frontend_Testcases.SearchProduct" name="searchProductInvalid" time="18.631"/>
  <system-out/>
  <testcase classname="Frontend_Testcases.SearchProduct" name="searchProductValid" time="13.406"/>
  <system-out/>
</testsuite> <!-- Frontend_Testcases.SearchProduct -->
