<?xml version="1.0" encoding="UTF-8"?>
<!-- Generated by org.testng.reporters.JUnitReportReporter -->
<testsuite hostname="FILT111" failures="0" tests="1" name="Frontend_Testcases.OpenFrontend" time="29.626" errors="0" timestamp="2023-07-31T11:46:54 IST" skipped="0">
  <testcase classname="Frontend_Testcases.OpenFrontend" name="openFrontend" time="29.626"/>
  <system-out/>
</testsuite> <!-- Frontend_Testcases.OpenFrontend -->
